<?xml version="1.0" encoding="UTF-8"?>
<testng-results ignored="0" total="1" passed="1" failed="0" skipped="0">
  <reporter-output>
  </reporter-output>
  <suite started-at="2023-01-19T21:16:23 IST" name="Testing" finished-at="2023-01-19T21:16:38 IST" duration-ms="15267">
    <groups>
      <group name="cucumber">
        <method signature="AbstractTestNGCucumberTests.feature(cucumber.api.testng.CucumberFeatureWrapper)[pri:0, instance:com.vs.executor.CukeExecutor@231f98ef]" name="feature" class="cucumber.api.testng.AbstractTestNGCucumberTests"/>
      </group> <!-- cucumber -->
    </groups>
    <test started-at="2023-01-19T21:16:23 IST" name="Banking Test" finished-at="2023-01-19T21:16:38 IST" duration-ms="15267">
      <class name="com.vs.executor.CukeExecutor">
        <test-method is-config="true" signature="initDriver()[pri:0, instance:com.vs.executor.CukeExecutor@231f98ef]" started-at="2023-01-19T21:16:23 IST" name="initDriver" finished-at="2023-01-19T21:16:27 IST" duration-ms="4611" status="PASS">
          <reporter-output>
          </reporter-output>
        </test-method> <!-- initDriver -->
        <test-method is-config="true" signature="setUpClass()[pri:0, instance:com.vs.executor.CukeExecutor@231f98ef]" started-at="2023-01-19T21:16:27 IST" name="setUpClass" finished-at="2023-01-19T21:16:28 IST" duration-ms="447" status="PASS">
          <reporter-output>
          </reporter-output>
        </test-method> <!-- setUpClass -->
        <test-method signature="feature(cucumber.api.testng.CucumberFeatureWrapper)[pri:0, instance:com.vs.executor.CukeExecutor@231f98ef]" started-at="2023-01-19T21:16:28 IST" name="feature" description="Runs Cucumber Feature" data-provider="features" finished-at="2023-01-19T21:16:38 IST" duration-ms="9853" status="PASS">
          <params>
            <param index="0">
              <value>
                <![CDATA[SignUp]]>
              </value>
            </param>
          </params>
          <reporter-output>
          </reporter-output>
        </test-method> <!-- feature -->
        <test-method is-config="true" signature="tearDownClass()[pri:0, instance:com.vs.executor.CukeExecutor@231f98ef]" started-at="2023-01-19T21:16:38 IST" name="tearDownClass" finished-at="2023-01-19T21:16:38 IST" duration-ms="39" status="PASS">
          <reporter-output>
          </reporter-output>
        </test-method> <!-- tearDownClass -->
      </class> <!-- com.vs.executor.CukeExecutor -->
    </test> <!-- Banking Test -->
  </suite> <!-- Testing -->
</testng-results>
