<?xml version="1.0" encoding="UTF-8"?>
<testng-results ignored="0" total="1" passed="1" failed="0" skipped="0">
  <reporter-output>
  </reporter-output>
  <suite started-at="2023-01-19T21:10:47 IST" name="Testing" finished-at="2023-01-19T21:11:01 IST" duration-ms="14022">
    <groups>
      <group name="cucumber">
        <method signature="AbstractTestNGCucumberTests.feature(cucumber.api.testng.CucumberFeatureWrapper)[pri:0, instance:com.vs.executor.CukeExecutor@231f98ef]" name="feature" class="cucumber.api.testng.AbstractTestNGCucumberTests"/>
      </group> <!-- cucumber -->
    </groups>
    <test started-at="2023-01-19T21:10:47 IST" name="Banking Test" finished-at="2023-01-19T21:11:01 IST" duration-ms="14022">
      <class name="com.vs.executor.CukeExecutor">
        <test-method is-config="true" signature="initDriver()[pri:0, instance:com.vs.executor.CukeExecutor@231f98ef]" started-at="2023-01-19T21:10:47 IST" name="initDriver" finished-at="2023-01-19T21:10:51 IST" duration-ms="3536" status="PASS">
          <reporter-output>
          </reporter-output>
        </test-method> <!-- initDriver -->
        <test-method is-config="true" signature="setUpClass()[pri:0, instance:com.vs.executor.CukeExecutor@231f98ef]" started-at="2023-01-19T21:10:51 IST" name="setUpClass" finished-at="2023-01-19T21:10:51 IST" duration-ms="505" status="PASS">
          <reporter-output>
          </reporter-output>
        </test-method> <!-- setUpClass -->
        <test-method signature="feature(cucumber.api.testng.CucumberFeatureWrapper)[pri:0, instance:com.vs.executor.CukeExecutor@231f98ef]" started-at="2023-01-19T21:10:51 IST" name="feature" description="Runs Cucumber Feature" data-provider="features" finished-at="2023-01-19T21:11:01 IST" duration-ms="9770" status="PASS">
          <params>
            <param index="0">
              <value>
                <![CDATA[SignUp]]>
              </value>
            </param>
          </params>
          <reporter-output>
          </reporter-output>
        </test-method> <!-- feature -->
        <test-method is-config="true" signature="tearDownClass()[pri:0, instance:com.vs.executor.CukeExecutor@231f98ef]" started-at="2023-01-19T21:11:01 IST" name="tearDownClass" finished-at="2023-01-19T21:11:01 IST" duration-ms="5" status="PASS">
          <reporter-output>
          </reporter-output>
        </test-method> <!-- tearDownClass -->
      </class> <!-- com.vs.executor.CukeExecutor -->
    </test> <!-- Banking Test -->
  </suite> <!-- Testing -->
</testng-results>
