<?xml version="1.0" encoding="UTF-8"?>
<testsuite xmlns:xsi="http://www.w3.org/2001/XMLSchema-instance" xsi:noNamespaceSchemaLocation="https://maven.apache.org/surefire/maven-surefire-plugin/xsd/surefire-test-report-3.0.xsd" version="3.0" name="TestSuite" time="17.261" tests="1" errors="0" skipped="0" failures="0">
  <properties>
[...]
</properties>
  <testcase name="feature[SignUp](1)" classname="com.vs.executor.CukeExecutor" time="9.869">
    <system-out><![CDATA[2023-01-19 21:16:23 INFO  - [class com.vs.executor.CukeExecutor] : Initiating drivers
2023-01-19 21:16:23 INFO  - [class com.vs.initdriver.RDPDriver] : Setup the new driver
2023-01-19 21:16:27 INFO  - [class com.vs.initdriver.RDPDriver] : Created Chrome driver instace
2023-01-19 21:16:27 INFO  - [class com.vs.initdriver.RDPDriver] : Maximize the explorer window
2023-01-19 21:16:27 INFO  - [class com.vs.executor.CukeExecutor] : Initialisation of drivers is completed successfully
2023-01-19 21:16:30 DEBUG - FileName set to C:\Users\HARDEEP SINGH\eclipse-workspace\Automation_VS_New\src\main\resources\properties\PropertyCache.properties
2023-01-19 21:16:30 DEBUG - ConfigurationUtils.locate(): base is null, name is C:\Users\HARDEEP SINGH\eclipse-workspace\Automation_VS_New\src\main\resources\properties\PropertyCache.properties
2023-01-19 21:16:30 DEBUG - Could not locate file C:\Users\HARDEEP SINGH\eclipse-workspace\Automation_VS_New\src\main\resources\properties\PropertyCache.properties at null: unknown protocol: c
2023-01-19 21:16:30 DEBUG - Loading configuration from the absolute path C:\Users\HARDEEP SINGH\eclipse-workspace\Automation_VS_New\src\main\resources\properties\PropertyCache.properties
2023-01-19 21:16:30 DEBUG - Base path set to file:///C:/Users/HARDEEP%20SINGH/eclipse-workspace/Automation_VS_New/src/main/resources/properties/PropertyCache.properties
2023-01-19 21:16:30 INFO  - [class com.vs.config.PropertiesCache] : Created Properties Configuration Object for IO operation of Property Cache File: PropertyCache.properties
2023-01-19 21:16:38 INFO  - [class com.vs.libraries.GenericLib] : URL launched
2023-01-19 21:16:38 INFO  - [class com.vs.executor.CukeExecutor] : Url has Opened
]]></system-out>
    <system-err><![CDATA[SLF4J: Failed to load class "org.slf4j.impl.StaticLoggerBinder".
SLF4J: Defaulting to no-operation (NOP) logger implementation
SLF4J: See http://www.slf4j.org/codes.html#StaticLoggerBinder for further details.
Starting ChromeDriver 109.0.5414.74 (e7c5703604daa9cc128ccf5a5d3e993513758913-refs/branch-heads/5414@{#1172}) on port 19508
Only local connections are allowed.
Please see https://chromedriver.chromium.org/security-considerations for suggestions on keeping ChromeDriver safe.
ChromeDriver was started successfully.
Jan 19, 2023 9:16:27 PM org.openqa.selenium.remote.ProtocolHandshake createSession
INFO: Detected dialect: W3C
]]></system-err>
  </testcase>
</testsuite>