<?xml version="1.0" encoding="UTF-8"?>
<testng-results ignored="0" total="1" passed="1" failed="0" skipped="0">
  <reporter-output>
  </reporter-output>
  <suite started-at="2023-01-19T19:40:31 IST" name="Default suite" finished-at="2023-01-19T19:40:47 IST" duration-ms="15617">
    <groups>
      <group name="cucumber">
        <method signature="AbstractTestNGCucumberTests.feature(cucumber.api.testng.CucumberFeatureWrapper)[pri:0, instance:com.vs.executor.CukeExecutor@5b799640]" name="feature" class="cucumber.api.testng.AbstractTestNGCucumberTests"/>
      </group> <!-- cucumber -->
    </groups>
    <test started-at="2023-01-19T19:40:31 IST" name="Default test" finished-at="2023-01-19T19:40:47 IST" duration-ms="15617">
      <class name="com.vs.executor.CukeExecutor">
        <test-method is-config="true" signature="initDriver()[pri:0, instance:com.vs.executor.CukeExecutor@5b799640]" started-at="2023-01-19T19:40:31 IST" name="initDriver" finished-at="2023-01-19T19:40:38 IST" duration-ms="6578" status="PASS">
          <reporter-output>
          </reporter-output>
        </test-method> <!-- initDriver -->
        <test-method is-config="true" signature="setUpClass()[pri:0, instance:com.vs.executor.CukeExecutor@5b799640]" started-at="2023-01-19T19:40:38 IST" name="setUpClass" finished-at="2023-01-19T19:40:41 IST" duration-ms="3276" status="PASS">
          <reporter-output>
          </reporter-output>
        </test-method> <!-- setUpClass -->
        <test-method signature="feature(cucumber.api.testng.CucumberFeatureWrapper)[pri:0, instance:com.vs.executor.CukeExecutor@5b799640]" started-at="2023-01-19T19:40:42 IST" name="feature" description="Runs Cucumber Feature" data-provider="features" finished-at="2023-01-19T19:40:47 IST" duration-ms="4849" status="PASS">
          <params>
            <param index="0">
              <value>
                <![CDATA[SignUp]]>
              </value>
            </param>
          </params>
          <reporter-output>
          </reporter-output>
        </test-method> <!-- feature -->
        <test-method is-config="true" signature="tearDownClass()[pri:0, instance:com.vs.executor.CukeExecutor@5b799640]" started-at="2023-01-19T19:40:47 IST" name="tearDownClass" finished-at="2023-01-19T19:40:47 IST" duration-ms="183" status="PASS">
          <reporter-output>
          </reporter-output>
        </test-method> <!-- tearDownClass -->
      </class> <!-- com.vs.executor.CukeExecutor -->
    </test> <!-- Default test -->
  </suite> <!-- Default suite -->
</testng-results>
